Exporter version: 6.2.2, Blender version: 2.80 (sub 75)
========= Conversion from Blender to Babylon.js =========
	Scene settings used :
		inline textures     :  false
		Material Type       :  PBR
		Positions Precision :  4
		Normals Precision   :  3
		UVs Precision       :  3
		Vert Color Precision:  3
		Mat Weight Precision:  2
		texture directory   :  C:\Users\admin\Documents\Work\jmnyc.github.io\assets\
	Python World class constructor completed
	WARNING: No active camera has been assigned, or is not in a currently selected Blender layer
	processing begun of mesh:  Sahne_Plane
		processing begun of material:  Zemin
		processing begun of material:  Dag
		processing begun of material:  Kar
		processing begun of multimaterial:  mountain.Multimaterial#0
		num positions      :  1169
		num normals        :  1169
		num tangents       :  4676
		num uvs            :  0
		num uvs2           :  0
		num colors         :  0
		num indices        :  1536
	processing begun of light (POINT):  Light
========= Writing of JSON file started =========
	writing mesh:  Sahne_Plane
========= Writing of JSON file completed =========
========= end of processing =========
elapsed time:  0 min, 0.1521 secs
