Exporter version: 6.2.2, Blender version: 2.80 (sub 75)
========= Conversion from Blender to Babylon.js =========
	Scene settings used :
		inline textures     :  false
		Material Type       :  PBR
		Positions Precision :  4
		Normals Precision   :  3
		UVs Precision       :  3
		Vert Color Precision:  3
		Mat Weight Precision:  2
		texture directory   :  C:\Users\admin\Documents\Work\jmnyc.github.io\assets\
	Python World class constructor completed
	processing begun of camera (UniversalCamera):  Camera
	processing begun of mesh:  12328_Statue_v1_L2
		processing begun of material:  12328_Statue
			processing texture statue
				WARNING: Exception during copy:
					[Errno 2] No such file or directory: 'C:\\Users\\admin\\Downloads\\Statue_v1_L2.123ce0579293-53f0-494d-aebb-8a216896421b\\statue.jpg'
				texture type:  diffuseTexture, mapped using: "UVMap"
		Custom split normals with tangents being used
		num positions      :  20069
		num normals        :  20069
		num tangents       :  80276
		num uvs            :  40138
		num uvs2           :  0
		num colors         :  0
		num indices        :  104088
	processing begun of light (POINT):  Light
========= Writing of JSON file started =========
	writing mesh:  12328_Statue_v1_L2
========= Writing of JSON file completed =========
========= end of processing =========
elapsed time:  0 min, 8.0099 secs
